{
  "stats": {
    "suites": 1,
    "tests": 1,
    "passes": 1,
    "pending": 0,
    "failures": 0,
    "start": "2023-07-25T05:48:04.034Z",
    "end": "2023-07-25T05:48:26.451Z",
    "duration": 22417,
    "testsRegistered": 1,
    "passPercent": 100,
    "pendingPercent": 0,
    "other": 0,
    "hasOther": false,
    "skipped": 0,
    "hasSkipped": false
  },
  "results": [
    {
      "uuid": "3dea180a-d486-498b-b06c-7bfc72fe3754",
      "title": "",
      "fullFile": "cypress\\e2e\\alerts.cy.js",
      "file": "cypress\\e2e\\alerts.cy.js",
      "beforeHooks": [],
      "afterHooks": [],
      "tests": [],
      "suites": [
        {
          "uuid": "c72c278f-4b5f-4c4d-9b17-6add879e31ab",
          "title": "handle the alerts",
          "fullFile": "",
          "file": "",
          "beforeHooks": [],
          "afterHooks": [],
          "tests": [
            {
              "title": "auth alertss",
              "fullTitle": "handle the alerts auth alertss",
              "timedOut": null,
              "duration": 6681,
              "state": "passed",
              "speed": "medium",
              "pass": true,
              "fail": false,
              "pending": false,
              "context": "{\n  \"title\": \"cypress-mochawesome-reporter-videos-passed\",\n  \"value\": \"cypress\\\\e2e\\\\alerts.cy.js\"\n}",
              "code": "cy.visit(\"https://admin:admin@the-internet.herokuapp.com/basic_auth\");\ncy.get(\"div[class='example'] p\").should('have.contain', \"Congratulations!\");",
              "err": {},
              "uuid": "33fc8430-c8d2-452e-a3ac-d487be96102b",
              "parentUUID": "c72c278f-4b5f-4c4d-9b17-6add879e31ab",
              "isHook": false,
              "skipped": false
            }
          ],
          "suites": [],
          "passes": [
            "33fc8430-c8d2-452e-a3ac-d487be96102b"
          ],
          "failures": [],
          "pending": [],
          "skipped": [],
          "duration": 6681,
          "root": false,
          "rootEmpty": false,
          "_timeout": 2000
        }
      ],
      "passes": [],
      "failures": [],
      "pending": [],
      "skipped": [],
      "duration": 0,
      "root": true,
      "rootEmpty": true,
      "_timeout": 2000
    }
  ],
  "meta": {
    "mocha": {
      "version": "7.0.1"
    },
    "mochawesome": {
      "options": {
        "quiet": false,
        "reportFilename": "mochawesome",
        "saveHtml": false,
        "saveJson": true,
        "consoleReporter": "spec",
        "useInlineDiffs": false,
        "code": true
      },
      "version": "7.1.3"
    },
    "marge": {
      "options": {
        "overwrite": false,
        "html": false,
        "json": true,
        "reportDir": "cypress\\reports\\html\\.jsons"
      },
      "version": "6.2.0"
    }
  }
}