{
  "stats": {
    "suites": 1,
    "tests": 1,
    "passes": 1,
    "pending": 0,
    "failures": 0,
    "start": "2023-07-25T05:49:46.935Z",
    "end": "2023-07-25T05:49:58.129Z",
    "duration": 11194,
    "testsRegistered": 1,
    "passPercent": 100,
    "pendingPercent": 0,
    "other": 0,
    "hasOther": false,
    "skipped": 0,
    "hasSkipped": false
  },
  "results": [
    {
      "uuid": "2fd94a82-5519-4ae9-94f1-1187874211bd",
      "title": "",
      "fullFile": "cypress\\e2e\\assertionsImplicit.cy.js",
      "file": "cypress\\e2e\\assertionsImplicit.cy.js",
      "beforeHooks": [],
      "afterHooks": [],
      "tests": [],
      "suites": [
        {
          "uuid": "a0eb1cc2-3fe6-4ef9-b83e-3e8570c2f4b4",
          "title": "login",
          "fullFile": "",
          "file": "",
          "beforeHooks": [],
          "afterHooks": [],
          "tests": [
            {
              "title": "implicit",
              "fullTitle": "login implicit",
              "timedOut": null,
              "duration": 7676,
              "state": "passed",
              "speed": "medium",
              "pass": true,
              "fail": false,
              "pending": false,
              "context": "{\n  \"title\": \"cypress-mochawesome-reporter-videos-passed\",\n  \"value\": \"cypress\\\\e2e\\\\assertionsImplicit.cy.js\"\n}",
              "code": "cy.visit('https://opensource-demo.orangehrmlive.com/');\n//lets use should keyword\n//validate the url of new page\n// cy.url().should('eq','https://opensource-demo.orangehrmlive.com/web/index.php/auth/login') //validate complete url\n// cy.url().should('include','orangehrmlive.com') //validate partial of the url\n// cy.url().should('contain','opensource-demo') //validate partial of the url\n/*cy.url().should('eq','https://opensource-demo.orangehrmlive.com/web/index.php/auth/login') //validate complete url\n.should('include','orangehrmlive.com') //validate partial of the url\n.should('contain','opensource-demo') //validate partial of the url*/\ncy.url().should('eq', 'https://opensource-demo.orangehrmlive.com/web/index.php/auth/login') //validate complete url\n.and('include', 'orangehrmlive.com') //validate partial of the url\n.and('contain', 'opensource-demo') //validate partial of the url\n.and('not.contain', 'openuni');\ncy.title().should('eq', 'OrangeHRM').and('include', 'Orange').and('contain', 'HRM').and('not.contain', 'HRA');\n//validate the logo visibility\ncy.get('.orangehrm-login-branding > img').should('be.visible');\ncy.get('.orangehrm-login-branding > img').should('exist');\n//validate the no of links\ncy.xpath(\"//a\").should('have.length', '5');\n//login\ncy.get(\"input[placeholder='Username']\").type('Admin');\ncy.get(\"input[placeholder='Username']\").should('have.value', 'Admin'); //check the provided value is the correct value",
              "err": {},
              "uuid": "3926f1b6-9f58-470c-8352-005feb336a83",
              "parentUUID": "a0eb1cc2-3fe6-4ef9-b83e-3e8570c2f4b4",
              "isHook": false,
              "skipped": false
            }
          ],
          "suites": [],
          "passes": [
            "3926f1b6-9f58-470c-8352-005feb336a83"
          ],
          "failures": [],
          "pending": [],
          "skipped": [],
          "duration": 7676,
          "root": false,
          "rootEmpty": false,
          "_timeout": 2000
        }
      ],
      "passes": [],
      "failures": [],
      "pending": [],
      "skipped": [],
      "duration": 0,
      "root": true,
      "rootEmpty": true,
      "_timeout": 2000
    }
  ],
  "meta": {
    "mocha": {
      "version": "7.0.1"
    },
    "mochawesome": {
      "options": {
        "quiet": false,
        "reportFilename": "mochawesome",
        "saveHtml": false,
        "saveJson": true,
        "consoleReporter": "spec",
        "useInlineDiffs": false,
        "code": true
      },
      "version": "7.1.3"
    },
    "marge": {
      "options": {
        "overwrite": false,
        "html": false,
        "json": true,
        "reportDir": "cypress\\reports\\html\\.jsons"
      },
      "version": "6.2.0"
    }
  }
}